<?xml version="1.0" encoding="UTF-8"?>
<testsuite name="ru.hse.blackjack.core.BlackJackPlayerTest" tests="6" skipped="0" failures="0" errors="0" timestamp="2018-09-13T13:41:56" hostname="vladimir" time="0.013">
  <properties/>
  <testcase name="moreEmptyDeck" classname="ru.hse.blackjack.core.BlackJackPlayerTest" time="0.001"/>
  <testcase name="moreWhenChecked" classname="ru.hse.blackjack.core.BlackJackPlayerTest" time="0.0"/>
  <testcase name="getScoreInitial" classname="ru.hse.blackjack.core.BlackJackPlayerTest" time="0.0"/>
  <testcase name="getGameState" classname="ru.hse.blackjack.core.BlackJackPlayerTest" time="0.001"/>
  <testcase name="getScoreAfterMore" classname="ru.hse.blackjack.core.BlackJackPlayerTest" time="0.0"/>
  <testcase name="moreChangeScore" classname="ru.hse.blackjack.core.BlackJackPlayerTest" time="0.0"/>
  <system-out><![CDATA[]]></system-out>
  <system-err><![CDATA[]]></system-err>
</testsuite>
