<?xml version="1.0" encoding="UTF-8"?>
<testsuite name="ru.hse.blackjack.core.DeckTest" tests="2" skipped="0" failures="0" errors="0" timestamp="2018-09-13T13:41:56" hostname="vladimir" time="0.001">
  <properties/>
  <testcase name="getCard" classname="ru.hse.blackjack.core.DeckTest" time="0.0"/>
  <testcase name="getShuffledDeck" classname="ru.hse.blackjack.core.DeckTest" time="0.0"/>
  <system-out><![CDATA[]]></system-out>
  <system-err><![CDATA[]]></system-err>
</testsuite>
